<?xml version="1.0" encoding="UTF-8"?>
<!-- Generated by org.testng.reporters.JUnitXMLReporter -->
<testsuite ignored="3" hostname="DESKTOP-3TTORD3" failures="0" tests="2" name="Surefire test" time="11.834" errors="0" timestamp="2026-03-21T17:31:12 WIB">
  <testcase classname="com.juaracoding.resources.AddToCartTest" name="addToCartPositive" time="0.148"/>
  <testcase classname="com.juaracoding.resources.LoginTest" name="loginPositive" time="0.357"/>
  <testcase classname="com.juaracoding.resources.LoginTest" name="loginNegativeWrongUsername" time="0.0">
    <ignored/>
  </testcase> <!-- loginNegativeWrongUsername -->
  <testcase classname="com.juaracoding.resources.LoginTest" name="loginNegativeWrongPassword" time="0.0">
    <ignored/>
  </testcase> <!-- loginNegativeWrongPassword -->
  <testcase classname="com.juaracoding.resources.AddToCartTest" name="addToCartNegativeWithoutLogin" time="0.0">
    <ignored/>
  </testcase> <!-- addToCartNegativeWithoutLogin -->
</testsuite> <!-- Surefire test -->
